
  \{^_^}/ hi!

  Loading data-server/datasource.json
  Done

  Resources
  http://localhost:3030/recommendations
  http://localhost:3030/investment

  Home
  http://localhost:3030

  Type s + enter at any time to create a snapshot of the database
  Watching...


  \{^_^}/ hi!

  Loading data-server/datasource.json
  Done

  Resources
  http://localhost:3030/recommendations
  http://localhost:3030/investment

  Home
  http://localhost:3030

  Type s + enter at any time to create a snapshot of the database
  Watching...

[0mGET /recommendations [36m304 [0m5.518 ms - -[0m
